[debug] [2023-08-13T11:52:25.797Z] ----------------------------------------------------------------------
[debug] [2023-08-13T11:52:25.800Z] Command:       /Users/kyawlwinsoe/.nvm/versions/node/v18.8.0/bin/node /Users/kyawlwinsoe/.nvm/versions/node/v18.8.0/bin/firebase init hosting
[debug] [2023-08-13T11:52:25.801Z] CLI Version:   12.4.7
[debug] [2023-08-13T11:52:25.801Z] Platform:      darwin
[debug] [2023-08-13T11:52:25.802Z] Node Version:  v18.8.0
[debug] [2023-08-13T11:52:25.811Z] Time:          Sun Aug 13 2023 18:22:25 GMT+0630 (Myanmar Time)
[debug] [2023-08-13T11:52:25.811Z] ----------------------------------------------------------------------
[debug] 
[debug] [2023-08-13T11:52:25.911Z] > command requires scopes: ["email","openid","https://www.googleapis.com/auth/cloudplatformprojects.readonly","https://www.googleapis.com/auth/firebase","https://www.googleapis.com/auth/cloud-platform"]
[debug] [2023-08-13T11:52:25.911Z] > authorizing via signed-in user (soek38902@gmail.com)
[info] 
     ######## #### ########  ######## ########     ###     ######  ########
     ##        ##  ##     ## ##       ##     ##  ##   ##  ##       ##
     ######    ##  ########  ######   ########  #########  ######  ######
     ##        ##  ##    ##  ##       ##     ## ##     ##       ## ##
     ##       #### ##     ## ######## ########  ##     ##  ######  ########

You're about to initialize a Firebase project in this directory:

  /Volumes/Data Files/Working/personal_portfolio

Before we get started, keep in mind:

  * You are currently outside your home directory
  * You are initializing within an existing Firebase project directory

[info] 
=== Project Setup
[info] 
[info] First, let's associate this project directory with a Firebase project.
[info] You can create multiple project aliases by running firebase use --add, 
[info] but for now we'll just set up a default project.
[info] 
[debug] [2023-08-13T11:52:25.927Z] Using project from CLI flag: kyawlwinsoe2023-e7fab
[debug] [2023-08-13T11:52:25.944Z] >>> [apiv2][query] GET https://firebase.googleapis.com/v1beta1/projects/kyawlwinsoe2023-e7fab [none]
[debug] [2023-08-13T11:52:26.470Z] <<< [apiv2][status] GET https://firebase.googleapis.com/v1beta1/projects/kyawlwinsoe2023-e7fab 200
[debug] [2023-08-13T11:52:26.470Z] <<< [apiv2][body] GET https://firebase.googleapis.com/v1beta1/projects/kyawlwinsoe2023-e7fab {"projectId":"kyawlwinsoe2023-e7fab","projectNumber":"1030098483338","displayName":"kyawlwinsoe2023","name":"projects/kyawlwinsoe2023-e7fab","resources":{"hostingSite":"kyawlwinsoe2023-e7fab"},"state":"ACTIVE","etag":"1_0bee59c2-82a5-4198-a652-f09eda071268"}
[info] i  Using project kyawlwinsoe2023-e7fab (kyawlwinsoe2023) 
[info] 
=== Hosting Setup
[info] 
[info] Your public directory is the folder (relative to your project directory) that
[info] will contain Hosting assets to be uploaded with firebase deploy. If you
[info] have a build process for your assets, use your build's output directory.
[info] 
[debug] [2023-08-13T11:52:36.554Z] >>> [apiv2][query] GET https://www.gstatic.com/firebasejs/releases.json [none]
[debug] [2023-08-13T11:52:36.735Z] <<< [apiv2][status] GET https://www.gstatic.com/firebasejs/releases.json 200
[debug] [2023-08-13T11:52:36.735Z] <<< [apiv2][body] GET https://www.gstatic.com/firebasejs/releases.json {"current":{"version":"10.1.0","browserURL":"https://www.gstatic.com/firebasejs/10.1.0/firebase.js","packageURL":"https://www.gstatic.com/firebasejs/10.1.0/firebase.tgz"},"live":{"version":"10.1","browserURL":"https://www.gstatic.com/firebasejs/live/10.1/firebase.js","packageURL":"https://www.gstatic.com/firebasejs/live/10.1/firebase.tgz"},"components":{"analytics":"https://www.gstatic.com/firebasejs/10.1.0/firebase-analytics.js","app":"https://www.gstatic.com/firebasejs/10.1.0/firebase-app.js","app-check":"https://www.gstatic.com/firebasejs/10.1.0/firebase-app-check.js","auth":"https://www.gstatic.com/firebasejs/10.1.0/firebase-auth.js","auth/cordova":"https://www.gstatic.com/firebasejs/10.1.0/firebase-auth/cordova.js","functions":"https://www.gstatic.com/firebasejs/10.1.0/firebase-functions.js","firestore":"https://www.gstatic.com/firebasejs/10.1.0/firebase-firestore.js","firestore/lite":"https://www.gstatic.com/firebasejs/10.1.0/firebase-firestore/lite.js","installations":"https://www.gstatic.com/firebasejs/10.1.0/firebase-installations.js","storage":"https://www.gstatic.com/firebasejs/10.1.0/firebase-storage.js","performance":"https://www.gstatic.com/firebasejs/10.1.0/firebase-performance.js","remote-config":"https://www.gstatic.com/firebasejs/10.1.0/firebase-remote-config.js","messaging":"https://www.gstatic.com/firebasejs/10.1.0/firebase-messaging.js","messaging/sw":"https://www.gstatic.com/firebasejs/10.1.0/firebase-messaging/sw.js","database":"https://www.gstatic.com/firebasejs/10.1.0/firebase-database.js","firestore.memory":"https://www.gstatic.com/firebasejs/10.1.0/firebase-firestore.memory.js"}}
[info] ✔  Wrote public/index.html 
[info] 
[info] i  Detected a .git folder at /Volumes/Data Files/Working/personal_portfolio 
[info] i  Authorizing with GitHub to upload your service account to a GitHub repository's secrets store. 
[info] 
[info] Visit this URL on this device to log in:
[info] https://github.com/login/oauth/authorize?client_id=89cf50f02ac6aaed3484&state=538843587&redirect_uri=http%3A%2F%2Flocalhost%3A9005&scope=read%3Auser%20repo%20public_repo
[info] 
[info] Waiting for authentication...
[debug] [2023-08-13T11:52:38.869Z] >>> [apiv2][query] POST https://github.com/login/oauth/access_token [none]
[debug] [2023-08-13T11:52:38.869Z] >>> [apiv2][body] POST https://github.com/login/oauth/access_token [stream]
[debug] [2023-08-13T11:52:39.316Z] <<< [apiv2][status] POST https://github.com/login/oauth/access_token 200
[debug] [2023-08-13T11:52:39.316Z] <<< [apiv2][body] POST https://github.com/login/oauth/access_token {"access_token":"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","token_type":"bearer","scope":"read:user,repo"}
[debug] [2023-08-13T11:52:39.381Z] >>> [apiv2][query] GET https://api.github.com/user [none]
[debug] [2023-08-13T11:52:40.094Z] <<< [apiv2][status] GET https://api.github.com/user 200
[debug] [2023-08-13T11:52:40.094Z] <<< [apiv2][body] GET https://api.github.com/user {"login":"KyawLwinSoe27","id":51574554,"node_id":"MDQ6VXNlcjUxNTc0NTU0","avatar_url":"https://avatars.githubusercontent.com/u/51574554?v=4","gravatar_id":"","url":"https://api.github.com/users/KyawLwinSoe27","html_url":"https://github.com/KyawLwinSoe27","followers_url":"https://api.github.com/users/KyawLwinSoe27/followers","following_url":"https://api.github.com/users/KyawLwinSoe27/following{/other_user}","gists_url":"https://api.github.com/users/KyawLwinSoe27/gists{/gist_id}","starred_url":"https://api.github.com/users/KyawLwinSoe27/starred{/owner}{/repo}","subscriptions_url":"https://api.github.com/users/KyawLwinSoe27/subscriptions","organizations_url":"https://api.github.com/users/KyawLwinSoe27/orgs","repos_url":"https://api.github.com/users/KyawLwinSoe27/repos","events_url":"https://api.github.com/users/KyawLwinSoe27/events{/privacy}","received_events_url":"https://api.github.com/users/KyawLwinSoe27/received_events","type":"User","site_admin":false,"name":"Kyaw Lwin Soe","company":"https://www.globalta.com.mm/","blog":"https://kyawlwinsoe.netlify.app/","location":"Yangon, Myanmar","email":null,"hireable":null,"bio":"I'm Junior Software Developer. I can do fully functional web development and mobile development.","twitter_username":null,"public_repos":37,"public_gists":0,"followers":6,"following":15,"created_at":"2019-06-10T04:29:21Z","updated_at":"2023-07-21T11:54:31Z","private_gists":0,"total_private_repos":4,"owned_private_repos":4,"disk_usage":131643,"collaborators":0,"two_factor_authentication":false,"plan":{"name":"free","space":976562499,"collaborators":0,"private_repos":10000}}
[info] 
[info] ✔  Success! Logged into GitHub as KyawLwinSoe27 
[info] 
